Determining if the pthread_create exist failed with the following output:
Change Dir: /cs/usr/mattan/Desktop/CPP/cpp_ex3/cmake-build-debug/CMakeFiles/CMakeTmp

Run Build Command:"/usr/bin/make" "cmTC_c7dcd/fast"
/usr/bin/make -f CMakeFiles/cmTC_c7dcd.dir/build.make CMakeFiles/cmTC_c7dcd.dir/build
make[1]: Entering directory '/cs/usr/mattan/Desktop/CPP/cpp_ex3/cmake-build-debug/CMakeFiles/CMakeTmp'
Building C object CMakeFiles/cmTC_c7dcd.dir/CheckSymbolExists.c.o
/usr/bin/cc    -o CMakeFiles/cmTC_c7dcd.dir/CheckSymbolExists.c.o   -c /cs/usr/mattan/Desktop/CPP/cpp_ex3/cmake-build-debug/CMakeFiles/CMakeTmp/CheckSymbolExists.c
Linking C executable cmTC_c7dcd
/usr/local/APP/jetbrains/clion/2018.2.1/bin/cmake/linux/bin/cmake -E cmake_link_script CMakeFiles/cmTC_c7dcd.dir/link.txt --verbose=1
/usr/bin/cc      -rdynamic CMakeFiles/cmTC_c7dcd.dir/CheckSymbolExists.c.o  -o cmTC_c7dcd 
/usr/bin/ld: CMakeFiles/cmTC_c7dcd.dir/CheckSymbolExists.c.o: in function `main':
CheckSymbolExists.c:(.text+0x1b): undefined reference to `pthread_create'
collect2: error: ld returned 1 exit status
make[1]: *** [CMakeFiles/cmTC_c7dcd.dir/build.make:87: cmTC_c7dcd] Error 1
make[1]: Leaving directory '/cs/usr/mattan/Desktop/CPP/cpp_ex3/cmake-build-debug/CMakeFiles/CMakeTmp'
make: *** [Makefile:121: cmTC_c7dcd/fast] Error 2

File /cs/usr/mattan/Desktop/CPP/cpp_ex3/cmake-build-debug/CMakeFiles/CMakeTmp/CheckSymbolExists.c:
/* */
#include <pthread.h>

int main(int argc, char** argv)
{
  (void)argv;
#ifndef pthread_create
  return ((int*)(&pthread_create))[argc];
#else
  (void)argc;
  return 0;
#endif
}

Determining if the function pthread_create exists in the pthreads failed with the following output:
Change Dir: /cs/usr/mattan/Desktop/CPP/cpp_ex3/cmake-build-debug/CMakeFiles/CMakeTmp

Run Build Command:"/usr/bin/make" "cmTC_68f03/fast"
/usr/bin/make -f CMakeFiles/cmTC_68f03.dir/build.make CMakeFiles/cmTC_68f03.dir/build
make[1]: Entering directory '/cs/usr/mattan/Desktop/CPP/cpp_ex3/cmake-build-debug/CMakeFiles/CMakeTmp'
Building C object CMakeFiles/cmTC_68f03.dir/CheckFunctionExists.c.o
/usr/bin/cc   -DCHECK_FUNCTION_EXISTS=pthread_create   -o CMakeFiles/cmTC_68f03.dir/CheckFunctionExists.c.o   -c /usr/local/APP/jetbrains/clion/2018.2.1/bin/cmake/linux/share/cmake-3.12/Modules/CheckFunctionExists.c
Linking C executable cmTC_68f03
/usr/local/APP/jetbrains/clion/2018.2.1/bin/cmake/linux/bin/cmake -E cmake_link_script CMakeFiles/cmTC_68f03.dir/link.txt --verbose=1
/usr/bin/cc  -DCHECK_FUNCTION_EXISTS=pthread_create    -rdynamic CMakeFiles/cmTC_68f03.dir/CheckFunctionExists.c.o  -o cmTC_68f03 -lpthreads 
/usr/bin/ld: cannot find -lpthreads
collect2: error: ld returned 1 exit status
make[1]: *** [CMakeFiles/cmTC_68f03.dir/build.make:87: cmTC_68f03] Error 1
make[1]: Leaving directory '/cs/usr/mattan/Desktop/CPP/cpp_ex3/cmake-build-debug/CMakeFiles/CMakeTmp'
make: *** [Makefile:121: cmTC_68f03/fast] Error 2


